<?xml version="1.0" encoding="UTF-8"?>
<!-- Generated by org.testng.reporters.JUnitXMLReporter -->
<testsuite ignored="1" hostname="enterpi-H110M-H" failures="0" tests="1" name="Default test" time="72.654" errors="0" timestamp="2023-09-21T17:01:49 IST">
  <testcase classname="testcases.PermissionsTestCases_QuotesModule" name="testCase1" time="60.817"/>
  <testcase classname="testcases.PermissionsTestCases_QuotesModule" name="testCase5" time="0.0">
    <ignored/>
  </testcase> <!-- testCase5 -->
</testsuite> <!-- Default test -->
