<?xml version="1.0" encoding="UTF-8"?>
<!-- Generated by org.testng.reporters.JUnitXMLReporter -->
<testsuite ignored="35" hostname="enterpi-H110M-H" failures="1" tests="1" name="Default test" time="46.554" errors="0" timestamp="2023-10-11T15:05:20 IST">
  <testcase classname="testcases.PermissionsTestCases_AdminTabs" name="PERMNS_007_Verify_QC_Control_Permission_As_None" time="33.956">
    <failure type="java.lang.AssertionError" message="expected [true] but found [false]">
      <![CDATA[java.lang.AssertionError: expected [true] but found [false]
at org.testng.Assert.fail(Assert.java:110)
at org.testng.Assert.failNotEquals(Assert.java:1577)
at org.testng.Assert.assertTrue(Assert.java:56)
at org.testng.Assert.assertTrue(Assert.java:66)
at testcases.PermissionsTestCases_AdminTabs.check_result(PermissionsTestCases_AdminTabs.java:100)
at testcases.PermissionsTestCases_AdminTabs.PERMNS_007_Verify_QC_Control_Permission_As_None(PermissionsTestCases_AdminTabs.java:142)
at java.base/jdk.internal.reflect.NativeMethodAccessorImpl.invoke0(Native Method)
at java.base/jdk.internal.reflect.NativeMethodAccessorImpl.invoke(NativeMethodAccessorImpl.java:77)
at java.base/jdk.internal.reflect.DelegatingMethodAccessorImpl.invoke(DelegatingMethodAccessorImpl.java:43)
at java.base/java.lang.reflect.Method.invoke(Method.java:568)
at org.testng.internal.invokers.MethodInvocationHelper.invokeMethod(MethodInvocationHelper.java:139)
at org.testng.internal.invokers.TestInvoker.invokeMethod(TestInvoker.java:677)
at org.testng.internal.invokers.TestInvoker.invokeTestMethod(TestInvoker.java:221)
at org.testng.internal.invokers.MethodRunner.runInSequence(MethodRunner.java:50)
at org.testng.internal.invokers.TestInvoker$MethodInvocationAgent.invoke(TestInvoker.java:969)
at org.testng.internal.invokers.TestInvoker.invokeTestMethods(TestInvoker.java:194)
at org.testng.internal.invokers.TestMethodWorker.invokeTestMethods(TestMethodWorker.java:148)
at org.testng.internal.invokers.TestMethodWorker.run(TestMethodWorker.java:128)
at java.base/java.util.ArrayList.forEach(ArrayList.java:1511)
at org.testng.TestRunner.privateRun(TestRunner.java:829)
at org.testng.TestRunner.run(TestRunner.java:602)
at org.testng.SuiteRunner.runTest(SuiteRunner.java:437)
at org.testng.SuiteRunner.runSequentially(SuiteRunner.java:431)
at org.testng.SuiteRunner.privateRun(SuiteRunner.java:391)
at org.testng.SuiteRunner.run(SuiteRunner.java:330)
at org.testng.SuiteRunnerWorker.runSuite(SuiteRunnerWorker.java:52)
at org.testng.SuiteRunnerWorker.run(SuiteRunnerWorker.java:95)
at org.testng.TestNG.runSuitesSequentially(TestNG.java:1256)
at org.testng.TestNG.runSuitesLocally(TestNG.java:1176)
at org.testng.TestNG.runSuites(TestNG.java:1099)
at org.testng.TestNG.run(TestNG.java:1067)
at org.testng.remote.AbstractRemoteTestNG.run(AbstractRemoteTestNG.java:115)
at org.testng.remote.RemoteTestNG.initAndRun(RemoteTestNG.java:251)
at org.testng.remote.RemoteTestNG.main(RemoteTestNG.java:77)
]]>
    </failure>
  </testcase> <!-- PERMNS_007_Verify_QC_Control_Permission_As_None -->
  <testcase classname="testcases.PermissionsTestCases_AdminTabs" name="PERMNS_001_Verify_AccountType_Permission_As_None" time="0.0">
    <ignored/>
  </testcase> <!-- PERMNS_001_Verify_AccountType_Permission_As_None -->
  <testcase classname="testcases.PermissionsTestCases_AdminTabs" name="PERMNS_023_Verify_Warehouse_Permission_As_View" time="0.0">
    <ignored/>
  </testcase> <!-- PERMNS_023_Verify_Warehouse_Permission_As_View -->
  <testcase classname="testcases.PermissionsTestCases_AdminTabs" name="PERMNS_024_Verify_Classifications_Permission_As_View" time="0.0">
    <ignored/>
  </testcase> <!-- PERMNS_024_Verify_Classifications_Permission_As_View -->
  <testcase classname="testcases.PermissionsTestCases_AdminTabs" name="PERMNS_013_Verify_Territories_Permission_As_None" time="0.0">
    <ignored/>
  </testcase> <!-- PERMNS_013_Verify_Territories_Permission_As_None -->
  <testcase classname="testcases.PermissionsTestCases_AdminTabs" name="PERMNS_003_Verify_Classification_Permission_As_None" time="0.0">
    <ignored/>
  </testcase> <!-- PERMNS_003_Verify_Classification_Permission_As_None -->
  <testcase classname="testcases.PermissionsTestCases_AdminTabs" name="PERMNS_027_Verify_PO_Min_Qty_Permission_As_View" time="0.0">
    <ignored/>
  </testcase> <!-- PERMNS_027_Verify_PO_Min_Qty_Permission_As_View -->
  <testcase classname="testcases.PermissionsTestCases_AdminTabs" name="PERMNS_031_Verify_Quote_Approval_Permission_As_View" time="0.0">
    <ignored/>
  </testcase> <!-- PERMNS_031_Verify_Quote_Approval_Permission_As_View -->
  <testcase classname="testcases.PermissionsTestCases_AdminTabs" name="PERMNS_028_Verify_Quote_Types_Permission_As_View" time="0.0">
    <ignored/>
  </testcase> <!-- PERMNS_028_Verify_Quote_Types_Permission_As_View -->
  <testcase classname="testcases.PermissionsTestCases_AdminTabs" name="PERMNS_002_Verify_Branches_Permission_As_None" time="0.0">
    <ignored/>
  </testcase> <!-- PERMNS_002_Verify_Branches_Permission_As_None -->
  <testcase classname="testcases.PermissionsTestCases_AdminTabs" name="PERMNS_020_Verify_Regions_Permission_As_View" time="0.0">
    <ignored/>
  </testcase> <!-- PERMNS_020_Verify_Regions_Permission_As_View -->
  <testcase classname="testcases.PermissionsTestCases_AdminTabs" name="PERMNS_016_Verify_Warehouse_Permission_As_None" time="0.0">
    <ignored/>
  </testcase> <!-- PERMNS_016_Verify_Warehouse_Permission_As_None -->
  <testcase classname="testcases.PermissionsTestCases_AdminTabs" name="PERMNS_033_Verify_Terms_and_Conditions_Permission_As_View" time="0.0">
    <ignored/>
  </testcase> <!-- PERMNS_033_Verify_Terms_and_Conditions_Permission_As_View -->
  <testcase classname="testcases.PermissionsTestCases_AdminTabs" name="PERMNS_094_Verify_Product_Category_Permission_As_View" time="0.0">
    <ignored/>
  </testcase> <!-- PERMNS_094_Verify_Product_Category_Permission_As_View -->
  <testcase classname="testcases.PermissionsTestCases_AdminTabs" name="PERMNS_010_Verify_Regions_Permission_As_None" time="0.0">
    <ignored/>
  </testcase> <!-- PERMNS_010_Verify_Regions_Permission_As_None -->
  <testcase classname="testcases.PermissionsTestCases_AdminTabs" name="PERMNS_030_Verify_Vendors_Permission_As_View" time="0.0">
    <ignored/>
  </testcase> <!-- PERMNS_030_Verify_Vendors_Permission_As_View -->
  <testcase classname="testcases.PermissionsTestCases_AdminTabs" name="PERMNS_096_Verify_Product_Category_Permission_As_None" time="0.0">
    <ignored/>
  </testcase> <!-- PERMNS_096_Verify_Product_Category_Permission_As_None -->
  <testcase classname="testcases.PermissionsTestCases_AdminTabs" name="PERMNS_025_Verify_Contact_Types_Permission_As_View" time="0.0">
    <ignored/>
  </testcase> <!-- PERMNS_025_Verify_Contact_Types_Permission_As_View -->
  <testcase classname="testcases.PermissionsTestCases_AdminTabs" name="PERMNS_004_Verify_Industry_Permission_As_None" time="0.0">
    <ignored/>
  </testcase> <!-- PERMNS_004_Verify_Industry_Permission_As_None -->
  <testcase classname="testcases.PermissionsTestCases_AdminTabs" name="PERMNS_012_Verify_Terms_and_Conditions_Permission_As_None" time="0.0">
    <ignored/>
  </testcase> <!-- PERMNS_012_Verify_Terms_and_Conditions_Permission_As_None -->
  <testcase classname="testcases.PermissionsTestCases_AdminTabs" name="PERMNS_018_Verify_Account_Type_Permission_As_View" time="0.0">
    <ignored/>
  </testcase> <!-- PERMNS_018_Verify_Account_Type_Permission_As_View -->
  <testcase classname="testcases.PermissionsTestCases_AdminTabs" name="PERMNS_011_Verify_Sales_Potential_Permission_As_None" time="0.0">
    <ignored/>
  </testcase> <!-- PERMNS_011_Verify_Sales_Potential_Permission_As_None -->
  <testcase classname="testcases.PermissionsTestCases_AdminTabs" name="PERMNS_032_Verify_User_Roles_Permission_As_View" time="0.0">
    <ignored/>
  </testcase> <!-- PERMNS_032_Verify_User_Roles_Permission_As_View -->
  <testcase classname="testcases.PermissionsTestCases_AdminTabs" name="PERMNS_022_Verify_Zip_Codes_Permission_As_View" time="0.0">
    <ignored/>
  </testcase> <!-- PERMNS_022_Verify_Zip_Codes_Permission_As_View -->
  <testcase classname="testcases.PermissionsTestCases_AdminTabs" name="PERMNS_029_Verify_Sales_Potential_Permission_As_View" time="0.0">
    <ignored/>
  </testcase> <!-- PERMNS_029_Verify_Sales_Potential_Permission_As_View -->
  <testcase classname="testcases.PermissionsTestCases_AdminTabs" name="PERMNS_021_Verify_Territories_Permission_As_View" time="0.0">
    <ignored/>
  </testcase> <!-- PERMNS_021_Verify_Territories_Permission_As_View -->
  <testcase classname="testcases.PermissionsTestCases_AdminTabs" name="PERMNS_017_Verify_Zip_Codes_Permission_As_None" time="0.0">
    <ignored/>
  </testcase> <!-- PERMNS_017_Verify_Zip_Codes_Permission_As_None -->
  <testcase classname="testcases.PermissionsTestCases_AdminTabs" name="PERMNS_014_Verify_User_Roles_Permission_As_None" time="0.0">
    <ignored/>
  </testcase> <!-- PERMNS_014_Verify_User_Roles_Permission_As_None -->
  <testcase classname="testcases.PermissionsTestCases_AdminTabs" name="PERMNS_005_Verify_PoMinQty_Permission_As_None" time="0.0">
    <ignored/>
  </testcase> <!-- PERMNS_005_Verify_PoMinQty_Permission_As_None -->
  <testcase classname="testcases.PermissionsTestCases_AdminTabs" name="PERMNS_019_Verify_Branches_Permission_As_View" time="0.0">
    <ignored/>
  </testcase> <!-- PERMNS_019_Verify_Branches_Permission_As_View -->
  <testcase classname="testcases.PermissionsTestCases_AdminTabs" name="PERMNS_006_Verify_Product_Class_Permission_As_None" time="0.0">
    <ignored/>
  </testcase> <!-- PERMNS_006_Verify_Product_Class_Permission_As_None -->
  <testcase classname="testcases.PermissionsTestCases_AdminTabs" name="PERMNS_015_Verify_Vendors_Permission_As_None" time="0.0">
    <ignored/>
  </testcase> <!-- PERMNS_015_Verify_Vendors_Permission_As_None -->
  <testcase classname="testcases.PermissionsTestCases_AdminTabs" name="PERMNS_034_Verify_QC_Control_Permission_As_View" time="0.0">
    <ignored/>
  </testcase> <!-- PERMNS_034_Verify_QC_Control_Permission_As_View -->
  <testcase classname="testcases.PermissionsTestCases_AdminTabs" name="PERMNS_008_Verify_Quote_Approval_Permission_As_None" time="0.0">
    <ignored/>
  </testcase> <!-- PERMNS_008_Verify_Quote_Approval_Permission_As_None -->
  <testcase classname="testcases.PermissionsTestCases_AdminTabs" name="PERMNS_026_Verify_Industries_Permission_As_View" time="0.0">
    <ignored/>
  </testcase> <!-- PERMNS_026_Verify_Industries_Permission_As_View -->
  <testcase classname="testcases.PermissionsTestCases_AdminTabs" name="PERMNS_009_Verify_Quote_Types_Permission_As_None" time="0.0">
    <ignored/>
  </testcase> <!-- PERMNS_009_Verify_Quote_Types_Permission_As_None -->
</testsuite> <!-- Default test -->
