<?xml version="1.0" encoding="UTF-8"?>
<!-- Generated by org.testng.reporters.JUnitXMLReporter -->
<testsuite ignored="12" hostname="enterpi-H110M-H" failures="0" tests="1" name="Default test" time="67.429" errors="0" timestamp="2023-10-03T20:08:03 IST">
  <testcase classname="testcases.AdminPages_TestCases" name="testCase1" time="54.01"/>
  <testcase classname="testcases.AdminPages_TestCases" name="testCase7" time="0.0">
    <ignored/>
  </testcase> <!-- testCase7 -->
  <testcase classname="testcases.AdminPages_TestCases" name="testCase6" time="0.0">
    <ignored/>
  </testcase> <!-- testCase6 -->
  <testcase classname="testcases.AdminPages_TestCases" name="testCase9" time="0.0">
    <ignored/>
  </testcase> <!-- testCase9 -->
  <testcase classname="testcases.AdminPages_TestCases" name="testCase8" time="0.0">
    <ignored/>
  </testcase> <!-- testCase8 -->
  <testcase classname="testcases.AdminPages_TestCases" name="testCase13" time="0.0">
    <ignored/>
  </testcase> <!-- testCase13 -->
  <testcase classname="testcases.AdminPages_TestCases" name="testCase10" time="0.0">
    <ignored/>
  </testcase> <!-- testCase10 -->
  <testcase classname="testcases.AdminPages_TestCases" name="testCase11" time="0.0">
    <ignored/>
  </testcase> <!-- testCase11 -->
  <testcase classname="testcases.AdminPages_TestCases" name="testCase12" time="0.0">
    <ignored/>
  </testcase> <!-- testCase12 -->
  <testcase classname="testcases.AdminPages_TestCases" name="testCase3" time="0.0">
    <ignored/>
  </testcase> <!-- testCase3 -->
  <testcase classname="testcases.AdminPages_TestCases" name="testCase2" time="0.0">
    <ignored/>
  </testcase> <!-- testCase2 -->
  <testcase classname="testcases.AdminPages_TestCases" name="testCase5" time="0.0">
    <ignored/>
  </testcase> <!-- testCase5 -->
  <testcase classname="testcases.AdminPages_TestCases" name="testCase4" time="0.0">
    <ignored/>
  </testcase> <!-- testCase4 -->
</testsuite> <!-- Default test -->
