<?xml version="1.0" encoding="UTF-8"?>
<testng-results ignored="12" total="13" passed="1" failed="0" skipped="0">
  <reporter-output>
  </reporter-output>
  <suite started-at="2023-10-03T20:06:56 IST" name="Default suite" finished-at="2023-10-03T20:08:03 IST" duration-ms="67429">
    <groups>
    </groups>
    <test started-at="2023-10-03T20:06:56 IST" name="Default test" finished-at="2023-10-03T20:08:03 IST" duration-ms="67429">
      <class name="testcases.AdminPages_TestCases">
        <test-method is-config="true" signature="login()[pri:0, instance:testcases.AdminPages_TestCases@548d708a]" started-at="2023-10-03T20:06:56 IST" name="login" finished-at="2023-10-03T20:07:07 IST" duration-ms="11141" status="PASS">
          <reporter-output>
          </reporter-output>
        </test-method> <!-- login -->
        <test-method signature="testCase1()[pri:1, instance:testcases.AdminPages_TestCases@548d708a]" started-at="2023-10-03T20:07:07 IST" name="testCase1" finished-at="2023-10-03T20:08:01 IST" duration-ms="54010" status="PASS">
          <reporter-output>
          </reporter-output>
        </test-method> <!-- testCase1 -->
        <test-method is-config="true" signature="logout()[pri:0, instance:testcases.AdminPages_TestCases@548d708a]" started-at="2023-10-03T20:08:01 IST" name="logout" finished-at="2023-10-03T20:08:03 IST" duration-ms="2207" status="PASS">
          <reporter-output>
          </reporter-output>
        </test-method> <!-- logout -->
      </class> <!-- testcases.AdminPages_TestCases -->
    </test> <!-- Default test -->
  </suite> <!-- Default suite -->
</testng-results>
