<?xml version="1.0" encoding="UTF-8"?>
<testng-results ignored="0" total="1" passed="1" failed="0" skipped="0">
  <reporter-output>
  </reporter-output>
  <suite started-at="2023-09-27T13:37:06 IST" name="Default suite" finished-at="2023-09-27T13:51:16 IST" duration-ms="849523">
    <groups>
    </groups>
    <test started-at="2023-09-27T13:37:06 IST" name="Default test" finished-at="2023-09-27T13:51:16 IST" duration-ms="849523">
      <class name="testcases.QuoteTestCases">
        <test-method is-config="true" signature="login()[pri:0, instance:testcases.QuoteTestCases@1cf6d1be]" started-at="2023-09-27T13:37:06 IST" name="login" finished-at="2023-09-27T13:37:18 IST" duration-ms="12082" status="PASS">
          <reporter-output>
          </reporter-output>
        </test-method> <!-- login -->
        <test-method signature="testCase0()[pri:1, instance:testcases.QuoteTestCases@1cf6d1be]" started-at="2023-09-27T13:37:18 IST" name="testCase0" finished-at="2023-09-27T13:51:15 IST" duration-ms="836223" status="PASS">
          <reporter-output>
          </reporter-output>
        </test-method> <!-- testCase0 -->
        <test-method is-config="true" signature="logout()[pri:0, instance:testcases.QuoteTestCases@1cf6d1be]" started-at="2023-09-27T13:51:15 IST" name="logout" finished-at="2023-09-27T13:51:16 IST" duration-ms="1161" status="PASS">
          <reporter-output>
          </reporter-output>
        </test-method> <!-- logout -->
      </class> <!-- testcases.QuoteTestCases -->
    </test> <!-- Default test -->
  </suite> <!-- Default suite -->
</testng-results>
