<?xml version="1.0" encoding="UTF-8"?>
<testng-results ignored="0" total="1" passed="1" failed="0" skipped="0">
  <reporter-output>
  </reporter-output>
  <suite started-at="2023-10-10T13:07:41 IST" name="Default suite" finished-at="2023-10-10T13:13:37 IST" duration-ms="355245">
    <groups>
    </groups>
    <test started-at="2023-10-10T13:07:41 IST" name="Default test" finished-at="2023-10-10T13:13:37 IST" duration-ms="355245">
      <class name="testcases.RepairTestCases">
        <test-method is-config="true" signature="login()[pri:0, instance:testcases.RepairTestCases@19e4653c]" started-at="2023-10-10T13:07:41 IST" name="login" finished-at="2023-10-10T13:07:56 IST" duration-ms="14313" status="PASS">
          <reporter-output>
          </reporter-output>
        </test-method> <!-- login -->
        <test-method signature="testCases()[pri:0, instance:testcases.RepairTestCases@19e4653c]" started-at="2023-10-10T13:07:56 IST" name="testCases" finished-at="2023-10-10T13:13:33 IST" duration-ms="337140" status="PASS">
          <reporter-output>
          </reporter-output>
        </test-method> <!-- testCases -->
        <test-method is-config="true" signature="logout()[pri:0, instance:testcases.RepairTestCases@19e4653c]" started-at="2023-10-10T13:13:33 IST" name="logout" finished-at="2023-10-10T13:13:37 IST" duration-ms="3754" status="PASS">
          <reporter-output>
          </reporter-output>
        </test-method> <!-- logout -->
      </class> <!-- testcases.RepairTestCases -->
    </test> <!-- Default test -->
  </suite> <!-- Default suite -->
</testng-results>
