<?xml version="1.0" encoding="UTF-8"?>
<testng-results ignored="1" total="2" passed="1" failed="0" skipped="0">
  <reporter-output>
  </reporter-output>
  <suite started-at="2023-09-21T17:00:36 IST" name="Default suite" finished-at="2023-09-21T17:01:49 IST" duration-ms="72654">
    <groups>
    </groups>
    <test started-at="2023-09-21T17:00:36 IST" name="Default test" finished-at="2023-09-21T17:01:49 IST" duration-ms="72654">
      <class name="testcases.PermissionsTestCases_QuotesModule">
        <test-method is-config="true" signature="login()[pri:0, instance:testcases.PermissionsTestCases_QuotesModule@19e4653c]" started-at="2023-09-21T17:00:36 IST" name="login" finished-at="2023-09-21T17:00:46 IST" duration-ms="10543" status="PASS">
          <reporter-output>
          </reporter-output>
        </test-method> <!-- login -->
        <test-method signature="testCase1()[pri:1, instance:testcases.PermissionsTestCases_QuotesModule@19e4653c]" started-at="2023-09-21T17:00:46 IST" name="testCase1" finished-at="2023-09-21T17:01:47 IST" duration-ms="60817" status="PASS">
          <reporter-output>
          </reporter-output>
        </test-method> <!-- testCase1 -->
        <test-method is-config="true" signature="logout()[pri:0, instance:testcases.PermissionsTestCases_QuotesModule@19e4653c]" started-at="2023-09-21T17:01:47 IST" name="logout" finished-at="2023-09-21T17:01:49 IST" duration-ms="1241" status="PASS">
          <reporter-output>
          </reporter-output>
        </test-method> <!-- logout -->
      </class> <!-- testcases.PermissionsTestCases_QuotesModule -->
    </test> <!-- Default test -->
  </suite> <!-- Default suite -->
</testng-results>
