<?xml version="1.0" encoding="UTF-8"?>
<testng-results ignored="0" total="1" passed="1" failed="0" skipped="0">
  <reporter-output>
  </reporter-output>
  <suite started-at="2023-10-09T19:44:27 IST" name="Default suite" finished-at="2023-10-09T19:46:14 IST" duration-ms="106984">
    <groups>
    </groups>
    <test started-at="2023-10-09T19:44:27 IST" name="Default test" finished-at="2023-10-09T19:46:14 IST" duration-ms="106984">
      <class name="testcases.QuoteTestCases">
        <test-method is-config="true" signature="login()[pri:0, instance:testcases.QuoteTestCases@663c9e7a]" started-at="2023-10-09T19:44:27 IST" name="login" finished-at="2023-10-09T19:44:38 IST" duration-ms="11250" status="PASS">
          <reporter-output>
          </reporter-output>
        </test-method> <!-- login -->
        <test-method signature="testCase0()[pri:1, instance:testcases.QuoteTestCases@663c9e7a]" started-at="2023-10-09T19:44:39 IST" name="testCase0" finished-at="2023-10-09T19:46:13 IST" duration-ms="94325" status="PASS">
          <reporter-output>
          </reporter-output>
        </test-method> <!-- testCase0 -->
        <test-method is-config="true" signature="logout()[pri:0, instance:testcases.QuoteTestCases@663c9e7a]" started-at="2023-10-09T19:46:13 IST" name="logout" finished-at="2023-10-09T19:46:14 IST" duration-ms="1345" status="PASS">
          <reporter-output>
          </reporter-output>
        </test-method> <!-- logout -->
      </class> <!-- testcases.QuoteTestCases -->
    </test> <!-- Default test -->
  </suite> <!-- Default suite -->
</testng-results>
