<?xml version="1.0" encoding="UTF-8"?>
<testng-results ignored="1" total="2" passed="1" failed="0" skipped="0">
  <reporter-output>
  </reporter-output>
  <suite started-at="2023-09-22T14:20:46 IST" name="Default suite" finished-at="2023-09-22T14:30:26 IST" duration-ms="579957">
    <groups>
    </groups>
    <test started-at="2023-09-22T14:20:46 IST" name="Default test" finished-at="2023-09-22T14:30:26 IST" duration-ms="579957">
      <class name="testcases.PermissionsTestCases_QuotesModule">
        <test-method is-config="true" signature="login()[pri:0, instance:testcases.PermissionsTestCases_QuotesModule@2034b64c]" started-at="2023-09-22T14:20:46 IST" name="login" finished-at="2023-09-22T14:20:57 IST" duration-ms="11069" status="PASS">
          <reporter-output>
          </reporter-output>
        </test-method> <!-- login -->
        <test-method signature="testCase1()[pri:1, instance:testcases.PermissionsTestCases_QuotesModule@2034b64c]" started-at="2023-09-22T14:20:57 IST" name="testCase1" finished-at="2023-09-22T14:30:25 IST" duration-ms="567516" status="PASS">
          <reporter-output>
          </reporter-output>
        </test-method> <!-- testCase1 -->
        <test-method is-config="true" signature="logout()[pri:0, instance:testcases.PermissionsTestCases_QuotesModule@2034b64c]" started-at="2023-09-22T14:30:25 IST" name="logout" finished-at="2023-09-22T14:30:26 IST" duration-ms="1316" status="PASS">
          <reporter-output>
          </reporter-output>
        </test-method> <!-- logout -->
      </class> <!-- testcases.PermissionsTestCases_QuotesModule -->
    </test> <!-- Default test -->
  </suite> <!-- Default suite -->
</testng-results>
