<?xml version="1.0" encoding="UTF-8"?>
<testng-results ignored="0" total="1" passed="1" failed="0" skipped="0">
  <reporter-output>
  </reporter-output>
  <suite started-at="2023-10-16T17:19:12 IST" name="Default suite" finished-at="2023-10-16T17:24:12 IST" duration-ms="300483">
    <groups>
    </groups>
    <test started-at="2023-10-16T17:19:12 IST" name="Default test" finished-at="2023-10-16T17:24:12 IST" duration-ms="300483">
      <class name="testcases.RepairTestCases">
        <test-method is-config="true" signature="login()[pri:0, instance:testcases.RepairTestCases@53045c6c]" started-at="2023-10-16T17:19:12 IST" name="login" finished-at="2023-10-16T17:19:35 IST" duration-ms="22724" status="PASS">
          <reporter-output>
          </reporter-output>
        </test-method> <!-- login -->
        <test-method signature="testCases()[pri:0, instance:testcases.RepairTestCases@53045c6c]" started-at="2023-10-16T17:19:35 IST" name="testCases" finished-at="2023-10-16T17:24:10 IST" duration-ms="275558" status="PASS">
          <reporter-output>
          </reporter-output>
        </test-method> <!-- testCases -->
        <test-method is-config="true" signature="logout()[pri:0, instance:testcases.RepairTestCases@53045c6c]" started-at="2023-10-16T17:24:10 IST" name="logout" finished-at="2023-10-16T17:24:12 IST" duration-ms="2145" status="PASS">
          <reporter-output>
          </reporter-output>
        </test-method> <!-- logout -->
      </class> <!-- testcases.RepairTestCases -->
    </test> <!-- Default test -->
  </suite> <!-- Default suite -->
</testng-results>
