<?xml version="1.0" encoding="UTF-8"?>
<testng-results ignored="0" total="1" passed="1" failed="0" skipped="0">
  <reporter-output>
  </reporter-output>
  <suite started-at="2023-10-10T16:52:10 IST" name="Default suite" finished-at="2023-10-10T17:04:19 IST" duration-ms="728902">
    <groups>
    </groups>
    <test started-at="2023-10-10T16:52:10 IST" name="Default test" finished-at="2023-10-10T17:04:19 IST" duration-ms="728902">
      <class name="testcases.PricingTestCases">
        <test-method is-config="true" signature="login()[pri:0, instance:testcases.PricingTestCases@1cf6d1be]" started-at="2023-10-10T16:52:10 IST" name="login" finished-at="2023-10-10T16:52:21 IST" duration-ms="11551" status="PASS">
          <reporter-output>
          </reporter-output>
        </test-method> <!-- login -->
        <test-method signature="testCase1()[pri:0, instance:testcases.PricingTestCases@1cf6d1be]" started-at="2023-10-10T16:52:21 IST" name="testCase1" finished-at="2023-10-10T17:04:17 IST" duration-ms="716143" status="PASS">
          <reporter-output>
          </reporter-output>
        </test-method> <!-- testCase1 -->
        <test-method is-config="true" signature="logout()[pri:0, instance:testcases.PricingTestCases@1cf6d1be]" started-at="2023-10-10T17:04:17 IST" name="logout" finished-at="2023-10-10T17:04:19 IST" duration-ms="1152" status="PASS">
          <reporter-output>
          </reporter-output>
        </test-method> <!-- logout -->
      </class> <!-- testcases.PricingTestCases -->
    </test> <!-- Default test -->
  </suite> <!-- Default suite -->
</testng-results>
